
--- Job crop_module.gms Start 10/08/18 09:46:17 WEX-VS8 23.5.1 x86/MS Windows        
GAMS Rev 235  Copyright (C) 1987-2010 GAMS Development. All rights reserved
Licensee: Gary Goldstein                                 G010614:2121CA-WIN
          Decision Ware, Inc.                                        DC2807
--- Starting compilation
--- crop_module.gms(9) 2 Mb 3 Errors
*** Error 120 in C:\Users\James\Documents\GitHub\household_ghg_model\household_ghg_model\dairyclimatemodel2\crop_module.gms
    Unknown identifier entered as set
*** Error 120 in C:\Users\James\Documents\GitHub\household_ghg_model\household_ghg_model\dairyclimatemodel2\crop_module.gms
    Unknown identifier entered as set
*** Error 120 in C:\Users\James\Documents\GitHub\household_ghg_model\household_ghg_model\dairyclimatemodel2\crop_module.gms
    Unknown identifier entered as set
--- crop_module.gms(10) 2 Mb 4 Errors
*** Error 120 in C:\Users\James\Documents\GitHub\household_ghg_model\household_ghg_model\dairyclimatemodel2\crop_module.gms
    Unknown identifier entered as set
--- crop_module.gms(15) 2 Mb 5 Errors
*** Error 120 in C:\Users\James\Documents\GitHub\household_ghg_model\household_ghg_model\dairyclimatemodel2\crop_module.gms
    Unknown identifier entered as set
--- crop_module.gms(17) 3 Mb 7 Errors
*** Error 140 in C:\Users\James\Documents\GitHub\household_ghg_model\household_ghg_model\dairyclimatemodel2\crop_module.gms
    Unknown symbol
*** Error 116 in C:\Users\James\Documents\GitHub\household_ghg_model\household_ghg_model\dairyclimatemodel2\crop_module.gms
    Label is unknown
--- crop_module.gms(21) 3 Mb 8 Errors
*** Error 120 in C:\Users\James\Documents\GitHub\household_ghg_model\household_ghg_model\dairyclimatemodel2\crop_module.gms
    Unknown identifier entered as set
--- crop_module.gms(22) 3 Mb 9 Errors
*** Error 120 in C:\Users\James\Documents\GitHub\household_ghg_model\household_ghg_model\dairyclimatemodel2\crop_module.gms
    Unknown identifier entered as set
--- crop_module.gms(23) 3 Mb 10 Errors
*** Error 120 in C:\Users\James\Documents\GitHub\household_ghg_model\household_ghg_model\dairyclimatemodel2\crop_module.gms
    Unknown identifier entered as set
--- crop_module.gms(26) 3 Mb 11 Errors
*** Error 120 in C:\Users\James\Documents\GitHub\household_ghg_model\household_ghg_model\dairyclimatemodel2\crop_module.gms
    Unknown identifier entered as set
--- crop_module.gms(28) 3 Mb 12 Errors
*** Error 120 in C:\Users\James\Documents\GitHub\household_ghg_model\household_ghg_model\dairyclimatemodel2\crop_module.gms
    Unknown identifier entered as set
--- crop_module.gms(53) 3 Mb 14 Errors
*** Error 120 in C:\Users\James\Documents\GitHub\household_ghg_model\household_ghg_model\dairyclimatemodel2\crop_module.gms
    Unknown identifier entered as set
*** Error 340 in C:\Users\James\Documents\GitHub\household_ghg_model\household_ghg_model\dairyclimatemodel2\crop_module.gms
    A label/element with the same name exist. You may have forgotten
       to quote a label/element reference. For example,
       set i / a,b,c /; parameter x(i); x('a') = 10;
--- crop_module.gms(59) 3 Mb 19 Errors
*** Error 120 in C:\Users\James\Documents\GitHub\household_ghg_model\household_ghg_model\dairyclimatemodel2\crop_module.gms
    Unknown identifier entered as set
*** Error 340 in C:\Users\James\Documents\GitHub\household_ghg_model\household_ghg_model\dairyclimatemodel2\crop_module.gms
    A label/element with the same name exist. You may have forgotten
       to quote a label/element reference. For example,
       set i / a,b,c /; parameter x(i); x('a') = 10;
*** Error 171 in C:\Users\James\Documents\GitHub\household_ghg_model\household_ghg_model\dairyclimatemodel2\crop_module.gms
    Domain violation for set
*** Error 140 in C:\Users\James\Documents\GitHub\household_ghg_model\household_ghg_model\dairyclimatemodel2\crop_module.gms
    Unknown symbol
*** Error 171 in C:\Users\James\Documents\GitHub\household_ghg_model\household_ghg_model\dairyclimatemodel2\crop_module.gms
    Domain violation for set
--- crop_module.gms(61) 3 Mb 23 Errors
*** Error 353 in C:\Users\James\Documents\GitHub\household_ghg_model\household_ghg_model\dairyclimatemodel2\crop_module.gms
    The domain for this index position is unknown and the element
       cannot be checked at this point. Missing data statement.
*** Error 353 in C:\Users\James\Documents\GitHub\household_ghg_model\household_ghg_model\dairyclimatemodel2\crop_module.gms
    The domain for this index position is unknown and the element
       cannot be checked at this point. Missing data statement.
*** Error 120 in C:\Users\James\Documents\GitHub\household_ghg_model\household_ghg_model\dairyclimatemodel2\crop_module.gms
    Unknown identifier entered as set
*** Error 340 in C:\Users\James\Documents\GitHub\household_ghg_model\household_ghg_model\dairyclimatemodel2\crop_module.gms
    A label/element with the same name exist. You may have forgotten
       to quote a label/element reference. For example,
       set i / a,b,c /; parameter x(i); x('a') = 10;
--- crop_module.gms(65) 3 Mb 24 Errors
*** Error 140 in C:\Users\James\Documents\GitHub\household_ghg_model\household_ghg_model\dairyclimatemodel2\crop_module.gms
    Unknown symbol
--- crop_module.gms(83) 3 Mb 24 Errors
*** Status: Compilation error(s)
--- Job crop_module.gms Stop 10/08/18 09:46:17 elapsed 0:00:00.234
Exit code = 2
