
--- Job gen_baseline2.gms Start 10/04/18 10:49:46 WEX-VS8 23.5.1 x86/MS Windows        
GAMS Rev 235  Copyright (C) 1987-2010 GAMS Development. All rights reserved
Licensee: Gary Goldstein                                 G010614:2121CA-WIN
          Decision Ware, Inc.                                        DC2807
--- Starting compilation
--- gen_baseline2.gms(33) 2 Mb
--- .set_definitions.gms(112) 3 Mb
--- gen_baseline2.gms(36) 3 Mb
--- .parameters.gms(37) 3 Mb
--- call gdxxrw.exe data/household_data.xlsx o=data/household_data.gdx index=index!A3

GDXXRW           Jul  4, 2010 23.5.1 WIN 18414.18495 VS8 x86/MS Windows       
Input file : C:\Users\James\Documents\GitHub\household_ghg_model\household_ghg_model\dairyclimatemodel2\data\household_data.xlsx
Output file: C:\Users\James\Documents\GitHub\household_ghg_model\household_ghg_model\dairyclimatemodel2\data\household_data.gdx
Substituting Index
Total time = 1078 Ms
--- .parameters.gms(38) 3 Mb
--- GDXin=C:\Users\James\Documents\GitHub\household_ghg_model\household_ghg_model\dairyclimatemodel2\data/household_data.gdx
--- .parameters.gms(58) 3 Mb
--- call gdxxrw.exe data/model_data.xlsx o=data/model_data.gdx index=index!A3

GDXXRW           Jul  4, 2010 23.5.1 WIN 18414.18495 VS8 x86/MS Windows       
Input file : C:\Users\James\Documents\GitHub\household_ghg_model\household_ghg_model\dairyclimatemodel2\data\model_data.xlsx
Output file: C:\Users\James\Documents\GitHub\household_ghg_model\household_ghg_model\dairyclimatemodel2\data\model_data.gdx
Substituting Index
Total time = 938 Ms
--- .parameters.gms(59) 3 Mb
--- GDXin=C:\Users\James\Documents\GitHub\household_ghg_model\household_ghg_model\dairyclimatemodel2\data/model_data.gdx
--- .parameters.gms(264) 3 Mb
--- gen_baseline2.gms(38) 3 Mb
--- .ghg_parameters.gms(42) 3 Mb
--- call gdxxrw.exe data/ghg_params.xlsx o=data/ghg_params.gdx index=index!A3

GDXXRW           Jul  4, 2010 23.5.1 WIN 18414.18495 VS8 x86/MS Windows       
Input file : C:\Users\James\Documents\GitHub\household_ghg_model\household_ghg_model\dairyclimatemodel2\data\ghg_params.xlsx
Output file: C:\Users\James\Documents\GitHub\household_ghg_model\household_ghg_model\dairyclimatemodel2\data\ghg_params.gdx
Substituting Index
Total time = 907 Ms
--- .ghg_parameters.gms(43) 3 Mb
--- GDXin=C:\Users\James\Documents\GitHub\household_ghg_model\household_ghg_model\dairyclimatemodel2\data/ghg_params.gdx
--- .ghg_parameters.gms(72) 3 Mb
--- gen_baseline2.gms(40) 3 Mb
--- .nutr_parameters.gms(15) 3 Mb
--- call gdxxrw.exe data/nutrient_requirements.xlsx o=data/nutrient_requirements.gdx index=index!A3

GDXXRW           Jul  4, 2010 23.5.1 WIN 18414.18495 VS8 x86/MS Windows       
Input file : C:\Users\James\Documents\GitHub\household_ghg_model\household_ghg_model\dairyclimatemodel2\data\nutrient_requirements.xlsx
Output file: C:\Users\James\Documents\GitHub\household_ghg_model\household_ghg_model\dairyclimatemodel2\data\nutrient_requirements.gdx
Substituting Index
Total time = 765 Ms
--- .nutr_parameters.gms(16) 3 Mb
--- GDXin=C:\Users\James\Documents\GitHub\household_ghg_model\household_ghg_model\dairyclimatemodel2\data/nutrient_requirements.gdx
--- .nutr_parameters.gms(27) 3 Mb
--- gen_baseline2.gms(42) 3 Mb
--- .scenario_parameters.gms(29) 3 Mb
--- gen_baseline2.gms(93) 3 Mb
--- .crop_module.gms(83) 3 Mb
--- gen_baseline2.gms(96) 3 Mb
--- .livestock_module.gms(161) 3 Mb
--- gen_baseline2.gms(99) 3 Mb
--- .demographic_module.gms(426) 3 Mb
--- gen_baseline2.gms(102) 3 Mb
--- .emissions_module.gms(112) 3 Mb
--- gen_baseline2.gms(105) 3 Mb
--- .loan_module.gms(56) 3 Mb
--- gen_baseline2.gms(108) 3 Mb
--- .household_module.gms(136) 3 Mb
--- gen_baseline2.gms(111) 3 Mb
--- .risk_module.gms(125) 3 Mb
--- gen_baseline2.gms(114) 3 Mb
--- .simulation_model.gms(78) 3 Mb
--- gen_baseline2.gms(264) 3 Mb
--- .GHG_params.gms(12) 3 Mb
--- gen_baseline2.gms(287) 3 Mb
--- .GHG_params2.gms(29) 3 Mb
--- gen_baseline2.gms(435) 3 Mb
--- Starting execution: elapsed 0:00:03.928
--- gen_baseline2.gms(1850) 4 Mb
--- Generating RMINLP model DairyClimateModel
--- gen_baseline2.gms(1862) 10 Mb
--- LOOPS y2 = 1
---   5,891 rows  12,296 columns  66,957 non-zeroes
---   300,997 nl-code  35,820 nl-non-zeroes
--- gen_baseline2.gms(1862) 7 Mb
--- Executing MINOS: elapsed 0:00:04.126
--- gen_baseline2.gms(1862) 7 Mb
 
GAMS/MINOS       Jul  4, 2010 23.5.1 WIN 18414.18495 VS8 x86/MS Windows    
M I N O S  5.51     (Jun 2004)

    GAMS/MINOS 5.51, Large Scale Nonlinear Solver
    B. A. Murtagh, University of New South Wales
    P. E. Gill, University of California at San Diego,
    W. Murray, M. A. Saunders, and M. H. Wright,
    Systems Optimization Laboratory, Stanford University

 Work space allocated           --   14.17 Mb
 
  Reading Rows...
  Reading Columns...
  Reading Instructions...

    Itn  ninf      sinf       objective
    100   121 1.630E+04  2.08061331E+06
    200   121 1.630E+04  2.08061331E+06
    300    60 1.056E+04  1.94058116E+06
    400    53 6.468E+03  2.59024742E+06
    500    31 3.355E+03  2.92628555E+06
    600     5 2.198E+01  4.16432332E+06
    700    11 7.278E+04  3.95156958E+06
    800     9 4.280E+04  3.93064740E+06
    900     8 3.704E+04  3.95906480E+06
   1000     6 2.463E+04  4.01321601E+06

    Itn  ninf      sinf       objective
   1100     3 1.362E+04  4.19183014E+06

 Major minor  step     objective  Feasible Optimal  nsb   ncon penalty BSswp
     1  1167T 0.0E+00  4.11194E+06 3.3E+03 2.5E+02    0      1 1.0E+00     0

    Itn  ninf      sinf       objective
    100   413 9.106E+03  4.21375013E+06
    200   383 8.551E+03  4.21198359E+06
    300   325 7.356E+03  4.20440287E+06
    400   225 4.565E+03  4.20439639E+06
    500   125 2.303E+03  4.20439639E+06
    600    25 1.630E+02  4.20439639E+06

 Major minor  step     objective  Feasible Optimal  nsb   ncon penalty BSswp
     2   682T 1.0E+00  4.23586E+06 7.9E+02 1.7E+04    1     37 1.0E+00     0

    Itn  ninf      sinf       objective
    100    44 6.685E+02  4.12343541E+06
    200    30 4.173E+02  4.14869542E+06
    300    23 1.275E+02  4.16595168E+06
    400    15 3.804E+01  4.16024028E+06
    500     9 1.197E+01  4.16434026E+06
    600     1 1.402E-01  4.16614786E+06

 Major minor  step     objective  Feasible Optimal  nsb   ncon penalty BSswp
     3   681T 1.0E+00  4.18542E+06 1.5E+02 1.5E+05    6    101 1.0E+00     1

    Itn  ninf      sinf       objective
    100    30 1.063E+01  4.18935209E+06
    200    21 2.016E+00  4.18677055E+06
    300     8 4.361E-01  4.18347962E+06
    400     0 0.000E+00  4.18372795E+06

 Major minor  step     objective  Feasible Optimal  nsb   ncon penalty BSswp
     4   418T 1.0E+00  4.19829E+06 1.0E+02 6.6E+04    2    144 1.0E+00     4

    Itn  ninf      sinf       objective
    100     5 2.152E-01  4.19787590E+06
    200     0 0.000E+00  4.17787014E+06

 Major minor  step     objective  Feasible Optimal  nsb   ncon penalty BSswp
     5   237T 1.0E+00  4.18186E+06 1.1E+02 2.3E+04    2    178 1.0E+00     2

    Itn  ninf      sinf       objective
    100    10 4.141E+00  4.18155845E+06
    200     2 1.061E-02  4.17654650E+06

 Major minor  step     objective  Feasible Optimal  nsb   ncon penalty BSswp
     6   258T 1.0E+00  4.17772E+06 9.0E+01 2.0E+04    0    229 1.0E+00     2
     7    91T 1.0E+00  4.17500E+06 1.7E+01 1.4E+04    0    270 1.0E+00     0
 
 EXIT - The current point cannot be improved.
 
--- Restarting execution
--- gen_baseline2.gms(1862) 0 Mb
--- Reading solution for model DairyClimateModel
--- gen_baseline2.gms(1862) 4 Mb
--- Executing after solve: elapsed 0:00:05.779
--- gen_baseline2.gms(1850) 5 Mb
--- Generating NLP model Emissionsmod
--- gen_baseline2.gms(1958) 7 Mb
--- LOOPS y2 = 1
---   2,600 rows  10,414 columns  15,634 non-zeroes
---   117,957 nl-code  10,368 nl-non-zeroes
--- gen_baseline2.gms(1958) 5 Mb
--- Executing SNOPT: elapsed 0:00:05.822
--- gen_baseline2.gms(1958) 5 Mb
 
SNOPT 7.2-4      Jul  4, 2010 23.5.1 WIN 18414.18495 VS8 x86/MS Windows    

    GAMS/SNOPT, Large Scale Nonlinear SQP Solver
    S N O P T  7.2-4 (June 2006)
    P. E. Gill, UC San Diego
    W. Murray and M. A. Saunders, Stanford University

 Work space allocated           --    9.01 Mb
 
  Reading Rows...
  Reading Columns...
  Reading Instructions...

   Itn    16 linear constraints are feasible, starting major iterations

 Major Minor   Step   nCon    Merit      Feasibl Optimal   nS Penalty PD
     0     0 0.0E+00     1  1.000000E+01 5.0E-05 1.6E-02    0 0.0E+00 FF   r
     1     0 1.0E+00     2  1.000000E+01 6.3E-21 0.0E+00    0 2.6E-01 TT N r
 
 EXIT - Optimal Solution found, objective:        10.00000    
 
--- Restarting execution
--- gen_baseline2.gms(1958) 0 Mb
--- Reading solution for model Emissionsmod
--- Executing after solve: elapsed 0:00:05.926
--- gen_baseline2.gms(2134) 4 Mb

GDXXRW           Jul  4, 2010 23.5.1 WIN 18414.18495 VS8 x86/MS Windows       
Input file : C:\Users\James\Documents\GitHub\household_ghg_model\household_ghg_model\dairyclimatemodel2\results\results.gdx
Output file: C:\Users\James\Documents\GitHub\household_ghg_model\household_ghg_model\dairyclimatemodel2\results\results.xls
Total time = 750 Ms
--- gen_baseline2.gms(2135) 4 Mb

GDXXRW           Jul  4, 2010 23.5.1 WIN 18414.18495 VS8 x86/MS Windows       
Input file : C:\Users\James\Documents\GitHub\household_ghg_model\household_ghg_model\dairyclimatemodel2\results\results.gdx
Output file: C:\Users\James\Documents\GitHub\household_ghg_model\household_ghg_model\dairyclimatemodel2\results\results.xls
Total time = 1047 Ms
--- gen_baseline2.gms(2136) 4 Mb

GDXXRW           Jul  4, 2010 23.5.1 WIN 18414.18495 VS8 x86/MS Windows       
Input file : C:\Users\James\Documents\GitHub\household_ghg_model\household_ghg_model\dairyclimatemodel2\results\results.gdx
Output file: C:\Users\James\Documents\GitHub\household_ghg_model\household_ghg_model\dairyclimatemodel2\results\results.xls
Total time = 1031 Ms
--- gen_baseline2.gms(2137) 4 Mb

GDXXRW           Jul  4, 2010 23.5.1 WIN 18414.18495 VS8 x86/MS Windows       
Input file : C:\Users\James\Documents\GitHub\household_ghg_model\household_ghg_model\dairyclimatemodel2\results\results.gdx
Output file: C:\Users\James\Documents\GitHub\household_ghg_model\household_ghg_model\dairyclimatemodel2\results\results.xls
Total time = 859 Ms
--- gen_baseline2.gms(2138) 4 Mb

GDXXRW           Jul  4, 2010 23.5.1 WIN 18414.18495 VS8 x86/MS Windows       
Input file : C:\Users\James\Documents\GitHub\household_ghg_model\household_ghg_model\dairyclimatemodel2\results\results.gdx
Output file: C:\Users\James\Documents\GitHub\household_ghg_model\household_ghg_model\dairyclimatemodel2\results\results.xls
Total time = 985 Ms
--- gen_baseline2.gms(2139) 4 Mb

GDXXRW           Jul  4, 2010 23.5.1 WIN 18414.18495 VS8 x86/MS Windows       
Input file : C:\Users\James\Documents\GitHub\household_ghg_model\household_ghg_model\dairyclimatemodel2\results\results.gdx
Output file: C:\Users\James\Documents\GitHub\household_ghg_model\household_ghg_model\dairyclimatemodel2\results\results.xls
Total time = 1219 Ms
--- gen_baseline2.gms(2140) 4 Mb

GDXXRW           Jul  4, 2010 23.5.1 WIN 18414.18495 VS8 x86/MS Windows       
Input file : C:\Users\James\Documents\GitHub\household_ghg_model\household_ghg_model\dairyclimatemodel2\results\results.gdx
Output file: C:\Users\James\Documents\GitHub\household_ghg_model\household_ghg_model\dairyclimatemodel2\results\results.xls
Total time = 875 Ms
--- gen_baseline2.gms(2141) 4 Mb

GDXXRW           Jul  4, 2010 23.5.1 WIN 18414.18495 VS8 x86/MS Windows       
Input file : C:\Users\James\Documents\GitHub\household_ghg_model\household_ghg_model\dairyclimatemodel2\results\results.gdx
Output file: C:\Users\James\Documents\GitHub\household_ghg_model\household_ghg_model\dairyclimatemodel2\results\results.xls
Total time = 937 Ms
--- gen_baseline2.gms(2142) 4 Mb

GDXXRW           Jul  4, 2010 23.5.1 WIN 18414.18495 VS8 x86/MS Windows       
Input file : C:\Users\James\Documents\GitHub\household_ghg_model\household_ghg_model\dairyclimatemodel2\results\results.gdx
Output file: C:\Users\James\Documents\GitHub\household_ghg_model\household_ghg_model\dairyclimatemodel2\results\results.xls
Total time = 875 Ms
--- gen_baseline2.gms(2143) 4 Mb

GDXXRW           Jul  4, 2010 23.5.1 WIN 18414.18495 VS8 x86/MS Windows       
Input file : C:\Users\James\Documents\GitHub\household_ghg_model\household_ghg_model\dairyclimatemodel2\results\results.gdx
Output file: C:\Users\James\Documents\GitHub\household_ghg_model\household_ghg_model\dairyclimatemodel2\results\results.xls
Total time = 875 Ms
--- gen_baseline2.gms(2144) 4 Mb

GDXXRW           Jul  4, 2010 23.5.1 WIN 18414.18495 VS8 x86/MS Windows       
Input file : C:\Users\James\Documents\GitHub\household_ghg_model\household_ghg_model\dairyclimatemodel2\results\results.gdx
Output file: C:\Users\James\Documents\GitHub\household_ghg_model\household_ghg_model\dairyclimatemodel2\results\results.xls
Total time = 812 Ms
--- gen_baseline2.gms(2145) 4 Mb

GDXXRW           Jul  4, 2010 23.5.1 WIN 18414.18495 VS8 x86/MS Windows       
Input file : C:\Users\James\Documents\GitHub\household_ghg_model\household_ghg_model\dairyclimatemodel2\results\results.gdx
Output file: C:\Users\James\Documents\GitHub\household_ghg_model\household_ghg_model\dairyclimatemodel2\results\results.xls
Total time = 1015 Ms
--- gen_baseline2.gms(2146) 4 Mb

GDXXRW           Jul  4, 2010 23.5.1 WIN 18414.18495 VS8 x86/MS Windows       
Input file : C:\Users\James\Documents\GitHub\household_ghg_model\household_ghg_model\dairyclimatemodel2\results\results.gdx
Output file: C:\Users\James\Documents\GitHub\household_ghg_model\household_ghg_model\dairyclimatemodel2\results\results.xls
Total time = 953 Ms
--- gen_baseline2.gms(2147) 4 Mb

GDXXRW           Jul  4, 2010 23.5.1 WIN 18414.18495 VS8 x86/MS Windows       
Input file : C:\Users\James\Documents\GitHub\household_ghg_model\household_ghg_model\dairyclimatemodel2\results\results.gdx
Output file: C:\Users\James\Documents\GitHub\household_ghg_model\household_ghg_model\dairyclimatemodel2\results\results.xls
Total time = 1078 Ms
--- gen_baseline2.gms(2148) 4 Mb

GDXXRW           Jul  4, 2010 23.5.1 WIN 18414.18495 VS8 x86/MS Windows       
Input file : C:\Users\James\Documents\GitHub\household_ghg_model\household_ghg_model\dairyclimatemodel2\results\results.gdx
Output file: C:\Users\James\Documents\GitHub\household_ghg_model\household_ghg_model\dairyclimatemodel2\results\results.xls
Total time = 1063 Ms
--- gen_baseline2.gms(2149) 4 Mb

GDXXRW           Jul  4, 2010 23.5.1 WIN 18414.18495 VS8 x86/MS Windows       
Input file : C:\Users\James\Documents\GitHub\household_ghg_model\household_ghg_model\dairyclimatemodel2\results\results.gdx
Output file: C:\Users\James\Documents\GitHub\household_ghg_model\household_ghg_model\dairyclimatemodel2\results\results.xls
Total time = 1141 Ms
--- gen_baseline2.gms(2150) 4 Mb

GDXXRW           Jul  4, 2010 23.5.1 WIN 18414.18495 VS8 x86/MS Windows       
Input file : C:\Users\James\Documents\GitHub\household_ghg_model\household_ghg_model\dairyclimatemodel2\results\results.gdx
Output file: C:\Users\James\Documents\GitHub\household_ghg_model\household_ghg_model\dairyclimatemodel2\results\results.xls
Total time = 1547 Ms
--- gen_baseline2.gms(2151) 4 Mb

GDXXRW           Jul  4, 2010 23.5.1 WIN 18414.18495 VS8 x86/MS Windows       
Input file : C:\Users\James\Documents\GitHub\household_ghg_model\household_ghg_model\dairyclimatemodel2\results\results.gdx
Output file: C:\Users\James\Documents\GitHub\household_ghg_model\household_ghg_model\dairyclimatemodel2\results\results.xls
Total time = 1203 Ms
--- gen_baseline2.gms(2153) 4 Mb

GDXXRW           Jul  4, 2010 23.5.1 WIN 18414.18495 VS8 x86/MS Windows       
Input file : C:\Users\James\Documents\GitHub\household_ghg_model\household_ghg_model\dairyclimatemodel2\results\results.gdx
Output file: C:\Users\James\Documents\GitHub\household_ghg_model\household_ghg_model\dairyclimatemodel2\results\results.xls
Total time = 984 Ms
--- gen_baseline2.gms(2154) 4 Mb

GDXXRW           Jul  4, 2010 23.5.1 WIN 18414.18495 VS8 x86/MS Windows       
Input file : C:\Users\James\Documents\GitHub\household_ghg_model\household_ghg_model\dairyclimatemodel2\results\results.gdx
Output file: C:\Users\James\Documents\GitHub\household_ghg_model\household_ghg_model\dairyclimatemodel2\results\results.xls
Total time = 938 Ms
--- gen_baseline2.gms(2155) 4 Mb

GDXXRW           Jul  4, 2010 23.5.1 WIN 18414.18495 VS8 x86/MS Windows       
Input file : C:\Users\James\Documents\GitHub\household_ghg_model\household_ghg_model\dairyclimatemodel2\results\results.gdx
Output file: C:\Users\James\Documents\GitHub\household_ghg_model\household_ghg_model\dairyclimatemodel2\results\results.xls
Total time = 860 Ms
--- gen_baseline2.gms(2156) 4 Mb

GDXXRW           Jul  4, 2010 23.5.1 WIN 18414.18495 VS8 x86/MS Windows       
Input file : C:\Users\James\Documents\GitHub\household_ghg_model\household_ghg_model\dairyclimatemodel2\results\results.gdx
Output file: C:\Users\James\Documents\GitHub\household_ghg_model\household_ghg_model\dairyclimatemodel2\results\results.xls
Total time = 907 Ms
--- gen_baseline2.gms(2156) 4 Mb
*** Status: Normal completion
--- Job gen_baseline2.gms Stop 10/04/18 10:50:15 elapsed 0:00:29.165
