
--- Job parameters.gms Start 10/15/18 11:54:40 WEX-VS8 23.5.1 x86/MS Windows        
GAMS Rev 235  Copyright (C) 1987-2010 GAMS Development. All rights reserved
Licensee: Gary Goldstein                                 G010614:2121CA-WIN
          Decision Ware, Inc.                                        DC2807
--- Starting compilation
--- parameters.gms(37) 2 Mb
--- call gdxxrw.exe data/household_data.xlsx o=data/household_data.gdx index=index!A3

GDXXRW           Jul  4, 2010 23.5.1 WIN 18414.18495 VS8 x86/MS Windows       
Input file : C:\Users\hawkins3\Documents\household_ghg_model\household_ghg_model\dairyclimatemodel2\data\household_data.xlsx
Output file: C:\Users\hawkins3\Documents\household_ghg_model\household_ghg_model\dairyclimatemodel2\data\household_data.gdx
Substituting Index
Total time = 5312 Ms
--- parameters.gms(38) 2 Mb
--- GDXin=C:\Users\hawkins3\Documents\household_ghg_model\household_ghg_model\dairyclimatemodel2\data/household_data.gdx
--- parameters.gms(58) 3 Mb
--- call gdxxrw.exe data/model_data.xlsx o=data/model_data.gdx index=index!A3

GDXXRW           Jul  4, 2010 23.5.1 WIN 18414.18495 VS8 x86/MS Windows       
Input file : C:\Users\hawkins3\Documents\household_ghg_model\household_ghg_model\dairyclimatemodel2\data\model_data.xlsx
Output file: C:\Users\hawkins3\Documents\household_ghg_model\household_ghg_model\dairyclimatemodel2\data\model_data.gdx
Substituting Index
Total time = 5750 Ms
--- parameters.gms(59) 3 Mb
--- GDXin=C:\Users\hawkins3\Documents\household_ghg_model\household_ghg_model\dairyclimatemodel2\data/model_data.gdx
--- parameters.gms(86) 3 Mb 1 Error
*** Error 120 in C:\Users\hawkins3\Documents\household_ghg_model\household_ghg_model\dairyclimatemodel2\data\parameters.gms
    Unknown identifier entered as set
--- parameters.gms(89) 3 Mb 3 Errors
*** Error 120 in C:\Users\hawkins3\Documents\household_ghg_model\household_ghg_model\dairyclimatemodel2\data\parameters.gms
    Unknown identifier entered as set
*** Error 120 in C:\Users\hawkins3\Documents\household_ghg_model\household_ghg_model\dairyclimatemodel2\data\parameters.gms
    Unknown identifier entered as set
--- parameters.gms(93) 3 Mb 4 Errors
*** Error 120 in C:\Users\hawkins3\Documents\household_ghg_model\household_ghg_model\dairyclimatemodel2\data\parameters.gms
    Unknown identifier entered as set
--- parameters.gms(97) 3 Mb 5 Errors
*** Error 120 in C:\Users\hawkins3\Documents\household_ghg_model\household_ghg_model\dairyclimatemodel2\data\parameters.gms
    Unknown identifier entered as set
--- parameters.gms(98) 3 Mb 8 Errors
*** Error 120 in C:\Users\hawkins3\Documents\household_ghg_model\household_ghg_model\dairyclimatemodel2\data\parameters.gms
    Unknown identifier entered as set
*** Error 120 in C:\Users\hawkins3\Documents\household_ghg_model\household_ghg_model\dairyclimatemodel2\data\parameters.gms
    Unknown identifier entered as set
*** Error 120 in C:\Users\hawkins3\Documents\household_ghg_model\household_ghg_model\dairyclimatemodel2\data\parameters.gms
    Unknown identifier entered as set
--- parameters.gms(101) 3 Mb 9 Errors
*** Error 120 in C:\Users\hawkins3\Documents\household_ghg_model\household_ghg_model\dairyclimatemodel2\data\parameters.gms
    Unknown identifier entered as set
--- parameters.gms(109) 3 Mb 10 Errors
*** Error 120 in C:\Users\hawkins3\Documents\household_ghg_model\household_ghg_model\dairyclimatemodel2\data\parameters.gms
    Unknown identifier entered as set
--- parameters.gms(115) 3 Mb 11 Errors
*** Error 120 in C:\Users\hawkins3\Documents\household_ghg_model\household_ghg_model\dairyclimatemodel2\data\parameters.gms
    Unknown identifier entered as set
--- parameters.gms(125) 3 Mb 12 Errors
*** Error 120 in C:\Users\hawkins3\Documents\household_ghg_model\household_ghg_model\dairyclimatemodel2\data\parameters.gms
    Unknown identifier entered as set
--- parameters.gms(130) 3 Mb 13 Errors
*** Error 120 in C:\Users\hawkins3\Documents\household_ghg_model\household_ghg_model\dairyclimatemodel2\data\parameters.gms
    Unknown identifier entered as set
--- parameters.gms(171) 3 Mb 14 Errors
*** Error 149 in C:\Users\hawkins3\Documents\household_ghg_model\household_ghg_model\dairyclimatemodel2\data\parameters.gms
    Uncontrolled set entered as constant
--- parameters.gms(206) 3 Mb 17 Errors
*** Error 120 in C:\Users\hawkins3\Documents\household_ghg_model\household_ghg_model\dairyclimatemodel2\data\parameters.gms
    Unknown identifier entered as set
*** Error 340 in C:\Users\hawkins3\Documents\household_ghg_model\household_ghg_model\dairyclimatemodel2\data\parameters.gms
    A label/element with the same name exist. You may have forgotten
       to quote a label/element reference. For example,
       set i / a,b,c /; parameter x(i); x('a') = 10;
*** Error 171 in C:\Users\hawkins3\Documents\household_ghg_model\household_ghg_model\dairyclimatemodel2\data\parameters.gms
    Domain violation for set
--- parameters.gms(221) 3 Mb 18 Errors
*** Error 353 in C:\Users\hawkins3\Documents\household_ghg_model\household_ghg_model\dairyclimatemodel2\data\parameters.gms
    The domain for this index position is unknown and the element
       cannot be checked at this point. Missing data statement.
--- parameters.gms(231) 3 Mb 21 Errors
*** Error 120 in C:\Users\hawkins3\Documents\household_ghg_model\household_ghg_model\dairyclimatemodel2\data\parameters.gms
    Unknown identifier entered as set
*** Error 340 in C:\Users\hawkins3\Documents\household_ghg_model\household_ghg_model\dairyclimatemodel2\data\parameters.gms
    A label/element with the same name exist. You may have forgotten
       to quote a label/element reference. For example,
       set i / a,b,c /; parameter x(i); x('a') = 10;
*** Error 171 in C:\Users\hawkins3\Documents\household_ghg_model\household_ghg_model\dairyclimatemodel2\data\parameters.gms
    Domain violation for set
--- parameters.gms(232) 3 Mb 24 Errors
*** Error 120 in C:\Users\hawkins3\Documents\household_ghg_model\household_ghg_model\dairyclimatemodel2\data\parameters.gms
    Unknown identifier entered as set
*** Error 340 in C:\Users\hawkins3\Documents\household_ghg_model\household_ghg_model\dairyclimatemodel2\data\parameters.gms
    A label/element with the same name exist. You may have forgotten
       to quote a label/element reference. For example,
       set i / a,b,c /; parameter x(i); x('a') = 10;
*** Error 171 in C:\Users\hawkins3\Documents\household_ghg_model\household_ghg_model\dairyclimatemodel2\data\parameters.gms
    Domain violation for set
--- parameters.gms(249) 3 Mb 25 Errors
*** Error 353 in C:\Users\hawkins3\Documents\household_ghg_model\household_ghg_model\dairyclimatemodel2\data\parameters.gms
    The domain for this index position is unknown and the element
       cannot be checked at this point. Missing data statement.
--- parameters.gms(267) 3 Mb 25 Errors
*** Status: Compilation error(s)
--- Job parameters.gms Stop 10/15/18 11:54:52 elapsed 0:00:11.963
Exit code = 2
